<?xml version="1.0" encoding="UTF-8"?>
<testng-results ignored="0" total="1" passed="1" failed="0" skipped="0">
  <reporter-output>
  </reporter-output>
  <suite started-at="2023-11-27T11:54:08Z" name="DynamicSuite" finished-at="2023-11-27T11:54:23Z" duration-ms="15886">
    <groups>
    </groups>
    <test started-at="2023-11-27T11:54:08Z" name="DynamicTest" finished-at="2023-11-27T11:54:23Z" duration-ms="15886">
      <class name="com.org.loginfeature.TestCase4_SignUp">
        <test-method is-config="true" signature="initDriver()[pri:0, instance:com.org.loginfeature.TestCase4_SignUp@7e6ef134]" started-at="2023-11-27T17:24:08Z" name="initDriver" finished-at="2023-11-27T17:24:18Z" duration-ms="10710" status="PASS">
          <reporter-output>
          </reporter-output>
        </test-method> <!-- initDriver -->
        <test-method signature="testCase4()[pri:0, instance:com.org.loginfeature.TestCase4_SignUp@7e6ef134]" started-at="2023-11-27T17:24:18Z" name="testCase4" finished-at="2023-11-27T17:24:22Z" duration-ms="3495" status="PASS">
          <reporter-output>
          </reporter-output>
        </test-method> <!-- testCase4 -->
        <test-method is-config="true" signature="closeDriver()[pri:0, instance:com.org.loginfeature.TestCase4_SignUp@7e6ef134]" started-at="2023-11-27T17:24:22Z" name="closeDriver" finished-at="2023-11-27T17:24:23Z" duration-ms="1664" status="PASS">
          <reporter-output>
          </reporter-output>
        </test-method> <!-- closeDriver -->
      </class> <!-- com.org.loginfeature.TestCase4_SignUp -->
    </test> <!-- DynamicTest -->
  </suite> <!-- DynamicSuite -->
</testng-results>
